<?xml version="1.0" encoding="UTF-8"?>
<coverage generated="1735520756558" clover="3.2.0">
  <project timestamp="1735520756558" name="All files">
    <metrics statements="3" coveredstatements="3" conditionals="0" coveredconditionals="0" methods="2" coveredmethods="2" elements="5" coveredelements="5" complexity="0" loc="3" ncloc="3" packages="1" files="1" classes="1"/>
    <file name="funcs.js" path="/Users/deepakpun/Desktop/sandbox/github-actions-book/tests-gh-actions/utilfuncs/funcs.js">
      <metrics statements="3" coveredstatements="3" conditionals="0" coveredconditionals="0" methods="2" coveredmethods="2"/>
      <line num="1" count="5" type="stmt"/>
      <line num="2" count="4" type="stmt"/>
      <line num="4" count="2" type="stmt"/>
    </file>
  </project>
</coverage>
