{"/Users/deepakpun/Desktop/sandbox/github-actions-book/tests-gh-actions/utilfuncs/funcs.js": {"path":"/Users/deepakpun/Desktop/sandbox/github-actions-book/tests-gh-actions/utilfuncs/funcs.js","statementMap":{"0":{"start":{"line":1,"column":12},"end":{"line":1,"column":27}},"1":{"start":{"line":1,"column":22},"end":{"line":1,"column":27}},"2":{"start":{"line":2,"column":13},"end":{"line":2,"column":28}},"3":{"start":{"line":2,"column":23},"end":{"line":2,"column":28}},"4":{"start":{"line":4,"column":0},"end":{"line":4,"column":30}}},"fnMap":{"0":{"name":"(anonymous_0)","decl":{"start":{"line":1,"column":12},"end":{"line":1,"column":13}},"loc":{"start":{"line":1,"column":22},"end":{"line":1,"column":27}},"line":1},"1":{"name":"(anonymous_1)","decl":{"start":{"line":2,"column":13},"end":{"line":2,"column":14}},"loc":{"start":{"line":2,"column":23},"end":{"line":2,"column":28}},"line":2}},"branchMap":{},"s":{"0":2,"1":5,"2":2,"3":4,"4":2},"f":{"0":5,"1":4},"b":{},"_coverageSchema":"1a1c01bbd47fc00a2c39e90264f33305004495a9","hash":"15d8b207a298c292762d12f1a2c9ff9bc9d390ff"}
}
